# JRE version: OpenJDK Runtime Environment (11.0.11+9) (build 11.0.11+9-b60-7590822)
# Java VM: OpenJDK 64-Bit Server VM (11.0.11+9-b60-7590822, mixed mode, tiered, compressed oops, g1 gc, windows-amd64)
Heap:
 garbage-first heap   total 260096K, used 95823K [0x0000000080000000, 0x0000000100000000)
  region size 1024K, 9 young (9216K), 6 survivors (6144K)
 Metaspace       used 128382K, capacity 133742K, committed 134016K, reserved 1165312K
  class space    used 16751K, capacity 18953K, committed 19036K, reserved 1048576K
GC Heap History (20 events):
Event: 4.696 GC heap before
{Heap before GC invocations=8 (full 0):
 garbage-first heap   total 260096K, used 84933K [0x0000000080000000, 0x0000000100000000)
  region size 1024K, 58 young (59392K), 18 survivors (18432K)
 Metaspace       used 58343K, capacity 59773K, committed 59940K, reserved 1101824K
  class space    used 7321K, capacity 7869K, committed 7936K, reserved 1048576K
}
Event: 4.710 GC heap after
{Heap after GC invocations=9 (full 0):
 garbage-first heap   total 260096K, used 47922K [0x0000000080000000, 0x0000000100000000)
  region size 1024K, 4 young (4096K), 4 survivors (4096K)
 Metaspace       used 58343K, capacity 59773K, committed 59940K, reserved 1101824K
  class space    used 7321K, capacity 7869K, committed 7936K, reserved 1048576K
}
Event: 6.031 GC heap before
{Heap before GC invocations=10 (full 0):
 garbage-first heap   total 260096K, used 185138K [0x0000000080000000, 0x0000000100000000)
  region size 1024K, 138 young (141312K), 4 survivors (4096K)
 Metaspace       used 69951K, capacity 71584K, committed 71844K, reserved 1112064K
  class space    used 8965K, capacity 9576K, committed 9600K, reserved 1048576K
}
Event: 6.036 GC heap after
{Heap after GC invocations=11 (full 0):
 garbage-first heap   total 260096K, used 56054K [0x0000000080000000, 0x0000000100000000)
  region size 1024K, 12 young (12288K), 12 survivors (12288K)
 Metaspace       used 69951K, capacity 71584K, committed 71844K, reserved 1112064K
  class space    used 8965K, capacity 9576K, committed 9600K, reserved 1048576K
}
Event: 7.131 GC heap before
{Heap before GC invocations=11 (full 0):
 garbage-first heap   total 260096K, used 189174K [0x0000000080000000, 0x0000000100000000)
  region size 1024K, 144 young (147456K), 12 survivors (12288K)
 Metaspace       used 83083K, capacity 85040K, committed 85284K, reserved 1124352K
  class space    used 10734K, capacity 11481K, committed 11520K, reserved 1048576K
}
Event: 7.141 GC heap after
{Heap after GC invocations=12 (full 0):
 garbage-first heap   total 260096K, used 66698K [0x0000000080000000, 0x0000000100000000)
  region size 1024K, 11 young (11264K), 11 survivors (11264K)
 Metaspace       used 83083K, capacity 85040K, committed 85284K, reserved 1124352K
  class space    used 10734K, capacity 11481K, committed 11520K, reserved 1048576K
}
Event: 7.910 GC heap before
{Heap before GC invocations=12 (full 0):
 garbage-first heap   total 260096K, used 211082K [0x0000000080000000, 0x0000000100000000)
  region size 1024K, 136 young (139264K), 11 survivors (11264K)
 Metaspace       used 88198K, capacity 90653K, committed 90788K, reserved 1128448K
  class space    used 11368K, capacity 12306K, committed 12416K, reserved 1048576K
}
Event: 7.918 GC heap after
{Heap after GC invocations=13 (full 0):
 garbage-first heap   total 260096K, used 73005K [0x0000000080000000, 0x0000000100000000)
  region size 1024K, 7 young (7168K), 7 survivors (7168K)
 Metaspace       used 88198K, capacity 90653K, committed 90788K, reserved 1128448K
  class space    used 11368K, capacity 12306K, committed 12416K, reserved 1048576K
}
Event: 8.438 GC heap before
{Heap before GC invocations=13 (full 0):
 garbage-first heap   total 260096K, used 199981K [0x0000000080000000, 0x0000000100000000)
  region size 1024K, 132 young (135168K), 7 survivors (7168K)
 Metaspace       used 93026K, capacity 95530K, committed 95652K, reserved 1132544K
  class space    used 11904K, capacity 12847K, committed 12928K, reserved 1048576K
}
Event: 8.444 GC heap after
{Heap after GC invocations=14 (full 0):
 garbage-first heap   total 260096K, used 78848K [0x0000000080000000, 0x0000000100000000)
  region size 1024K, 12 young (12288K), 12 survivors (12288K)
 Metaspace       used 93026K, capacity 95530K, committed 95652K, reserved 1132544K
  class space    used 11904K, capacity 12847K, committed 12928K, reserved 1048576K
}
Event: 10.625 GC heap before
{Heap before GC invocations=14 (full 0):
 garbage-first heap   total 260096K, used 181248K [0x0000000080000000, 0x0000000100000000)
  region size 1024K, 114 young (116736K), 12 survivors (12288K)
 Metaspace       used 97711K, capacity 100233K, committed 100328K, reserved 1136640K
  class space    used 12447K, capacity 13452K, committed 13508K, reserved 1048576K
}
Event: 10.638 GC heap after
{Heap after GC invocations=15 (full 0):
 garbage-first heap   total 260096K, used 87623K [0x0000000080000000, 0x0000000100000000)
  region size 1024K, 16 young (16384K), 16 survivors (16384K)
 Metaspace       used 97711K, capacity 100233K, committed 100328K, reserved 1136640K
  class space    used 12447K, capacity 13452K, committed 13508K, reserved 1048576K
}
Event: 11.788 GC heap before
{Heap before GC invocations=16 (full 0):
 garbage-first heap   total 260096K, used 205383K [0x0000000080000000, 0x0000000100000000)
  region size 1024K, 128 young (131072K), 16 survivors (16384K)
 Metaspace       used 108511K, capacity 111681K, committed 112000K, reserved 1146880K
  class space    used 13879K, capacity 15094K, committed 15196K, reserved 1048576K
}
Event: 11.803 GC heap after
{Heap after GC invocations=17 (full 0):
 garbage-first heap   total 260096K, used 98021K [0x0000000080000000, 0x0000000100000000)
  region size 1024K, 10 young (10240K), 10 survivors (10240K)
 Metaspace       used 108511K, capacity 111681K, committed 112000K, reserved 1146880K
  class space    used 13879K, capacity 15094K, committed 15196K, reserved 1048576K
}
Event: 12.443 GC heap before
{Heap before GC invocations=18 (full 0):
 garbage-first heap   total 260096K, used 205541K [0x0000000080000000, 0x0000000100000000)
  region size 1024K, 115 young (117760K), 10 survivors (10240K)
 Metaspace       used 119692K, capacity 124611K, committed 124928K, reserved 1157120K
  class space    used 15963K, capacity 18051K, committed 18140K, reserved 1048576K
}
Event: 12.448 GC heap after
{Heap after GC invocations=19 (full 0):
 garbage-first heap   total 260096K, used 93695K [0x0000000080000000, 0x0000000100000000)
  region size 1024K, 5 young (5120K), 5 survivors (5120K)
 Metaspace       used 119692K, capacity 124611K, committed 124928K, reserved 1157120K
  class space    used 15963K, capacity 18051K, committed 18140K, reserved 1048576K
}
Event: 668.852 GC heap before
{Heap before GC invocations=19 (full 0):
 garbage-first heap   total 260096K, used 232959K [0x0000000080000000, 0x0000000100000000)
  region size 1024K, 116 young (118784K), 5 survivors (5120K)
 Metaspace       used 126653K, capacity 131803K, committed 132096K, reserved 1163264K
  class space    used 16687K, capacity 18841K, committed 18908K, reserved 1048576K
}
Event: 668.858 GC heap after
{Heap after GC invocations=20 (full 0):
 garbage-first heap   total 260096K, used 95615K [0x0000000080000000, 0x0000000100000000)
  region size 1024K, 7 young (7168K), 7 survivors (7168K)
 Metaspace       used 126653K, capacity 131803K, committed 132096K, reserved 1163264K
  class space    used 16687K, capacity 18841K, committed 18908K, reserved 1048576K
}
Event: 1087.478 GC heap before
{Heap before GC invocations=20 (full 0):
 garbage-first heap   total 260096K, used 219519K [0x0000000080000000, 0x0000000100000000)
  region size 1024K, 118 young (120832K), 7 survivors (7168K)
 Metaspace       used 127541K, capacity 132833K, committed 133120K, reserved 1163264K
  class space    used 16709K, capacity 18876K, committed 18908K, reserved 1048576K
}
Event: 1087.481 GC heap after
{Heap after GC invocations=21 (full 0):
 garbage-first heap   total 260096K, used 96634K [0x0000000080000000, 0x0000000100000000)
  region size 1024K, 6 young (6144K), 6 survivors (6144K)
 Metaspace       used 127541K, capacity 132833K, committed 133120K, reserved 1163264K
  class space    used 16709K, capacity 18876K, committed 18908K, reserved 1048576K
}

